# JRE version: Java(TM) SE Runtime Environment (8.0_241-b07) (build 1.8.0_241-b07)
# Java VM: Java HotSpot(TM) Client VM (25.241-b07 mixed mode windows-x86 )
Heap:
 def new generation   total 314624K, used 222199K [0x04c00000, 0x1a160000, 0x21ea0000)
  eden space 279680K,  79% used [0x04c00000, 0x124fdd40, 0x15d20000)
  from space 34944K,   0% used [0x15d20000, 0x15d20000, 0x17f40000)
  to   space 34944K,   0% used [0x17f40000, 0x17f40000, 0x1a160000)
 tenured generation   total 699072K, used 37033K [0x21ea0000, 0x4c950000, 0x5c400000)
   the space 699072K,   5% used [0x21ea0000, 0x242ca6f0, 0x242ca800, 0x4c950000)
 Metaspace       used 12617K, capacity 12961K, committed 13056K, reserved 13696K
GC Heap History (10 events):
Event: 15.963 GC heap before
{Heap before GC invocations=124 (full 124):
 def new generation   total 314624K, used 17482K [0x04c00000, 0x1a160000, 0x21ea0000)
  eden space 279680K,   6% used [0x04c00000, 0x05d12880, 0x15d20000)
  from space 34944K,   0% used [0x15d20000, 0x15d20000, 0x17f40000)
  to   space 34944K,   0% used [0x17f40000, 0x17f40000, 0x1a160000)
 tenured generation   total 699072K, used 35954K [0x21ea0000, 0x4c950000, 0x5c400000)
   the space 699072K,   5% used [0x21ea0000, 0x241bca00, 0x241bca00, 0x4c950000)
 Metaspace       used 11269K, capacity 11602K, committed 11648K, reserved 11648K
Event: 15.977 GC heap after
Heap after GC invocations=125 (full 125):
 def new generation   total 314624K, used 0K [0x04c00000, 0x1a160000, 0x21ea0000)
  eden space 279680K,   0% used [0x04c00000, 0x04c00000, 0x15d20000)
  from space 34944K,   0% used [0x15d20000, 0x15d20000, 0x17f40000)
  to   space 34944K,   0% used [0x17f40000, 0x17f40000, 0x1a160000)
 tenured generation   total 699072K, used 36179K [0x21ea0000, 0x4c950000, 0x5c400000)
   the space 699072K,   5% used [0x21ea0000, 0x241f4ee0, 0x241f5000, 0x4c950000)
 Metaspace       used 11269K, capacity 11602K, committed 11648K, reserved 11648K
}
Event: 16.019 GC heap before
{Heap before GC invocations=125 (full 125):
 def new generation   total 314624K, used 14685K [0x04c00000, 0x1a160000, 0x21ea0000)
  eden space 279680K,   5% used [0x04c00000, 0x05a57530, 0x15d20000)
  from space 34944K,   0% used [0x15d20000, 0x15d20000, 0x17f40000)
  to   space 34944K,   0% used [0x17f40000, 0x17f40000, 0x1a160000)
 tenured generation   total 699072K, used 36179K [0x21ea0000, 0x4c950000, 0x5c400000)
   the space 699072K,   5% used [0x21ea0000, 0x241f4ee0, 0x241f5000, 0x4c950000)
 Metaspace       used 11269K, capacity 11602K, committed 11648K, reserved 11648K
Event: 16.036 GC heap after
Heap after GC invocations=126 (full 126):
 def new generation   total 314624K, used 0K [0x04c00000, 0x1a160000, 0x21ea0000)
  eden space 279680K,   0% used [0x04c00000, 0x04c00000, 0x15d20000)
  from space 34944K,   0% used [0x15d20000, 0x15d20000, 0x17f40000)
  to   space 34944K,   0% used [0x17f40000, 0x17f40000, 0x1a160000)
 tenured generation   total 699072K, used 36396K [0x21ea0000, 0x4c950000, 0x5c400000)
   the space 699072K,   5% used [0x21ea0000, 0x2422b090, 0x2422b200, 0x4c950000)
 Metaspace       used 11269K, capacity 11602K, committed 11648K, reserved 11648K
}
Event: 16.077 GC heap before
{Heap before GC invocations=126 (full 126):
 def new generation   total 314624K, used 11888K [0x04c00000, 0x1a160000, 0x21ea0000)
  eden space 279680K,   4% used [0x04c00000, 0x0579c1c0, 0x15d20000)
  from space 34944K,   0% used [0x15d20000, 0x15d20000, 0x17f40000)
  to   space 34944K,   0% used [0x17f40000, 0x17f40000, 0x1a160000)
 tenured generation   total 699072K, used 36396K [0x21ea0000, 0x4c950000, 0x5c400000)
   the space 699072K,   5% used [0x21ea0000, 0x2422b090, 0x2422b200, 0x4c950000)
 Metaspace       used 11269K, capacity 11602K, committed 11648K, reserved 11648K
Event: 16.091 GC heap after
Heap after GC invocations=127 (full 127):
 def new generation   total 314624K, used 0K [0x04c00000, 0x1a160000, 0x21ea0000)
  eden space 279680K,   0% used [0x04c00000, 0x04c00000, 0x15d20000)
  from space 34944K,   0% used [0x15d20000, 0x15d20000, 0x17f40000)
  to   space 34944K,   0% used [0x17f40000, 0x17f40000, 0x1a160000)
 tenured generation   total 699072K, used 36621K [0x21ea0000, 0x4c950000, 0x5c400000)
   the space 699072K,   5% used [0x21ea0000, 0x242634f0, 0x24263600, 0x4c950000)
 Metaspace       used 11269K, capacity 11602K, committed 11648K, reserved 11648K
}
Event: 16.132 GC heap before
{Heap before GC invocations=127 (full 127):
 def new generation   total 314624K, used 11888K [0x04c00000, 0x1a160000, 0x21ea0000)
  eden space 279680K,   4% used [0x04c00000, 0x0579c1b0, 0x15d20000)
  from space 34944K,   0% used [0x15d20000, 0x15d20000, 0x17f40000)
  to   space 34944K,   0% used [0x17f40000, 0x17f40000, 0x1a160000)
 tenured generation   total 699072K, used 36621K [0x21ea0000, 0x4c950000, 0x5c400000)
   the space 699072K,   5% used [0x21ea0000, 0x242634f0, 0x24263600, 0x4c950000)
 Metaspace       used 11269K, capacity 11602K, committed 11648K, reserved 11648K
Event: 16.149 GC heap after
Heap after GC invocations=128 (full 128):
 def new generation   total 314624K, used 0K [0x04c00000, 0x1a160000, 0x21ea0000)
  eden space 279680K,   0% used [0x04c00000, 0x04c00000, 0x15d20000)
  from space 34944K,   0% used [0x15d20000, 0x15d20000, 0x17f40000)
  to   space 34944K,   0% used [0x17f40000, 0x17f40000, 0x1a160000)
 tenured generation   total 699072K, used 36808K [0x21ea0000, 0x4c950000, 0x5c400000)
   the space 699072K,   5% used [0x21ea0000, 0x242922c8, 0x24292400, 0x4c950000)
 Metaspace       used 11269K, capacity 11602K, committed 11648K, reserved 11648K
}
Event: 16.192 GC heap before
{Heap before GC invocations=128 (full 128):
 def new generation   total 314624K, used 11888K [0x04c00000, 0x1a160000, 0x21ea0000)
  eden space 279680K,   4% used [0x04c00000, 0x0579c1c0, 0x15d20000)
  from space 34944K,   0% used [0x15d20000, 0x15d20000, 0x17f40000)
  to   space 34944K,   0% used [0x17f40000, 0x17f40000, 0x1a160000)
 tenured generation   total 699072K, used 36808K [0x21ea0000, 0x4c950000, 0x5c400000)
   the space 699072K,   5% used [0x21ea0000, 0x242922c8, 0x24292400, 0x4c950000)
 Metaspace       used 11269K, capacity 11602K, committed 11648K, reserved 11648K
Event: 16.206 GC heap after
Heap after GC invocations=129 (full 129):
 def new generation   total 314624K, used 0K [0x04c00000, 0x1a160000, 0x21ea0000)
  eden space 279680K,   0% used [0x04c00000, 0x04c00000, 0x15d20000)
  from space 34944K,   0% used [0x15d20000, 0x15d20000, 0x17f40000)
  to   space 34944K,   0% used [0x17f40000, 0x17f40000, 0x1a160000)
 tenured generation   total 699072K, used 37033K [0x21ea0000, 0x4c950000, 0x5c400000)
   the space 699072K,   5% used [0x21ea0000, 0x242ca6f0, 0x242ca800, 0x4c950000)
 Metaspace       used 11269K, capacity 11602K, committed 11648K, reserved 11648K
}

