# JRE version: Java(TM) SE Runtime Environment (8.0_241-b07) (build 1.8.0_241-b07)
# Java VM: Java HotSpot(TM) Client VM (25.241-b07 mixed mode, sharing windows-x86 )
Heap:
 def new generation   total 46976K, used 15213K [0x04800000, 0x07af0000, 0x09d50000)
  eden space 41792K,  26% used [0x04800000, 0x052b8290, 0x070d0000)
  from space 5184K,  81% used [0x070d0000, 0x074f3420, 0x075e0000)
  to   space 5184K,   0% used [0x075e0000, 0x075e0000, 0x07af0000)
 tenured generation   total 104240K, used 90200K [0x09d50000, 0x1031c000, 0x14800000)
   the space 104240K,  86% used [0x09d50000, 0x0f566308, 0x0f566400, 0x1031c000)
 Metaspace       used 2178K, capacity 2894K, committed 3008K, reserved 4480K
GC Heap History (10 events):
Event: 48.170 GC heap before
{Heap before GC invocations=69 (full 4):
 def new generation   total 46976K, used 43364K [0x04800000, 0x07af0000, 0x09d50000)
  eden space 41792K, 100% used [0x04800000, 0x070d0000, 0x070d0000)
  from space 5184K,  30% used [0x075e0000, 0x077692d0, 0x07af0000)
  to   space 5184K,   0% used [0x070d0000, 0x070d0000, 0x075e0000)
 tenured generation   total 104240K, used 90200K [0x09d50000, 0x1031c000, 0x14800000)
   the space 104240K,  86% used [0x09d50000, 0x0f566308, 0x0f566400, 0x1031c000)
 Metaspace       used 2162K, capacity 2879K, committed 3008K, reserved 4480K
Event: 48.171 GC heap after
Heap after GC invocations=70 (full 4):
 def new generation   total 46976K, used 1572K [0x04800000, 0x07af0000, 0x09d50000)
  eden space 41792K,   0% used [0x04800000, 0x04800000, 0x070d0000)
  from space 5184K,  30% used [0x070d0000, 0x072592e0, 0x075e0000)
  to   space 5184K,   0% used [0x075e0000, 0x075e0000, 0x07af0000)
 tenured generation   total 104240K, used 90200K [0x09d50000, 0x1031c000, 0x14800000)
   the space 104240K,  86% used [0x09d50000, 0x0f566308, 0x0f566400, 0x1031c000)
 Metaspace       used 2162K, capacity 2879K, committed 3008K, reserved 4480K
}
Event: 48.351 GC heap before
{Heap before GC invocations=70 (full 4):
 def new generation   total 46976K, used 43364K [0x04800000, 0x07af0000, 0x09d50000)
  eden space 41792K, 100% used [0x04800000, 0x070d0000, 0x070d0000)
  from space 5184K,  30% used [0x070d0000, 0x072592e0, 0x075e0000)
  to   space 5184K,   0% used [0x075e0000, 0x075e0000, 0x07af0000)
 tenured generation   total 104240K, used 90200K [0x09d50000, 0x1031c000, 0x14800000)
   the space 104240K,  86% used [0x09d50000, 0x0f566308, 0x0f566400, 0x1031c000)
 Metaspace       used 2162K, capacity 2879K, committed 3008K, reserved 4480K
Event: 48.352 GC heap after
Heap after GC invocations=71 (full 4):
 def new generation   total 46976K, used 1572K [0x04800000, 0x07af0000, 0x09d50000)
  eden space 41792K,   0% used [0x04800000, 0x04800000, 0x070d0000)
  from space 5184K,  30% used [0x075e0000, 0x077692d0, 0x07af0000)
  to   space 5184K,   0% used [0x070d0000, 0x070d0000, 0x075e0000)
 tenured generation   total 104240K, used 90200K [0x09d50000, 0x1031c000, 0x14800000)
   the space 104240K,  86% used [0x09d50000, 0x0f566308, 0x0f566400, 0x1031c000)
 Metaspace       used 2162K, capacity 2879K, committed 3008K, reserved 4480K
}
Event: 48.538 GC heap before
{Heap before GC invocations=71 (full 4):
 def new generation   total 46976K, used 43364K [0x04800000, 0x07af0000, 0x09d50000)
  eden space 41792K, 100% used [0x04800000, 0x070d0000, 0x070d0000)
  from space 5184K,  30% used [0x075e0000, 0x077692d0, 0x07af0000)
  to   space 5184K,   0% used [0x070d0000, 0x070d0000, 0x075e0000)
 tenured generation   total 104240K, used 90200K [0x09d50000, 0x1031c000, 0x14800000)
   the space 104240K,  86% used [0x09d50000, 0x0f566308, 0x0f566400, 0x1031c000)
 Metaspace       used 2162K, capacity 2879K, committed 3008K, reserved 4480K
Event: 48.538 GC heap after
Heap after GC invocations=72 (full 4):
 def new generation   total 46976K, used 1572K [0x04800000, 0x07af0000, 0x09d50000)
  eden space 41792K,   0% used [0x04800000, 0x04800000, 0x070d0000)
  from space 5184K,  30% used [0x070d0000, 0x072592d0, 0x075e0000)
  to   space 5184K,   0% used [0x075e0000, 0x075e0000, 0x07af0000)
 tenured generation   total 104240K, used 90200K [0x09d50000, 0x1031c000, 0x14800000)
   the space 104240K,  86% used [0x09d50000, 0x0f566308, 0x0f566400, 0x1031c000)
 Metaspace       used 2162K, capacity 2879K, committed 3008K, reserved 4480K
}
Event: 48.758 GC heap before
{Heap before GC invocations=72 (full 4):
 def new generation   total 46976K, used 43364K [0x04800000, 0x07af0000, 0x09d50000)
  eden space 41792K, 100% used [0x04800000, 0x070d0000, 0x070d0000)
  from space 5184K,  30% used [0x070d0000, 0x072592d0, 0x075e0000)
  to   space 5184K,   0% used [0x075e0000, 0x075e0000, 0x07af0000)
 tenured generation   total 104240K, used 90200K [0x09d50000, 0x1031c000, 0x14800000)
   the space 104240K,  86% used [0x09d50000, 0x0f566308, 0x0f566400, 0x1031c000)
 Metaspace       used 2162K, capacity 2879K, committed 3008K, reserved 4480K
Event: 48.759 GC heap after
Heap after GC invocations=73 (full 4):
 def new generation   total 46976K, used 1625K [0x04800000, 0x07af0000, 0x09d50000)
  eden space 41792K,   0% used [0x04800000, 0x04800000, 0x070d0000)
  from space 5184K,  31% used [0x075e0000, 0x07776750, 0x07af0000)
  to   space 5184K,   0% used [0x070d0000, 0x070d0000, 0x075e0000)
 tenured generation   total 104240K, used 90200K [0x09d50000, 0x1031c000, 0x14800000)
   the space 104240K,  86% used [0x09d50000, 0x0f566308, 0x0f566400, 0x1031c000)
 Metaspace       used 2162K, capacity 2879K, committed 3008K, reserved 4480K
}
Event: 48.953 GC heap before
{Heap before GC invocations=73 (full 4):
 def new generation   total 46976K, used 43417K [0x04800000, 0x07af0000, 0x09d50000)
  eden space 41792K, 100% used [0x04800000, 0x070d0000, 0x070d0000)
  from space 5184K,  31% used [0x075e0000, 0x07776750, 0x07af0000)
  to   space 5184K,   0% used [0x070d0000, 0x070d0000, 0x075e0000)
 tenured generation   total 104240K, used 90200K [0x09d50000, 0x1031c000, 0x14800000)
   the space 104240K,  86% used [0x09d50000, 0x0f566308, 0x0f566400, 0x1031c000)
 Metaspace       used 2162K, capacity 2879K, committed 3008K, reserved 4480K
Event: 48.954 GC heap after
Heap after GC invocations=74 (full 4):
 def new generation   total 46976K, used 4237K [0x04800000, 0x07af0000, 0x09d50000)
  eden space 41792K,   0% used [0x04800000, 0x04800000, 0x070d0000)
  from space 5184K,  81% used [0x070d0000, 0x074f3420, 0x075e0000)
  to   space 5184K,   0% used [0x075e0000, 0x075e0000, 0x07af0000)
 tenured generation   total 104240K, used 90200K [0x09d50000, 0x1031c000, 0x14800000)
   the space 104240K,  86% used [0x09d50000, 0x0f566308, 0x0f566400, 0x1031c000)
 Metaspace       used 2162K, capacity 2879K, committed 3008K, reserved 4480K
}

