# JRE version: Java(TM) SE Runtime Environment (8.0_241-b07) (build 1.8.0_241-b07)
# Java VM: Java HotSpot(TM) Client VM (25.241-b07 mixed mode, sharing windows-x86 )
Heap:
 def new generation   total 8960K, used 2179K [0x04e00000, 0x057b0000, 0x0a350000)
  eden space 8000K,  19% used [0x04e00000, 0x04f86528, 0x055d0000)
  from space 960K,  64% used [0x056c0000, 0x0575aa00, 0x057b0000)
  to   space 960K,   0% used [0x055d0000, 0x055d0000, 0x056c0000)
 tenured generation   total 19716K, used 15368K [0x0a350000, 0x0b691000, 0x14e00000)
   the space 19716K,  77% used [0x0a350000, 0x0b252008, 0x0b252200, 0x0b691000)
 Metaspace       used 1819K, capacity 2847K, committed 2880K, reserved 4480K
GC Heap History (10 events):
Event: 0.695 GC heap before
{Heap before GC invocations=0 (full 0):
 def new generation   total 4928K, used 4416K [0x04e00000, 0x05350000, 0x0a350000)
  eden space 4416K, 100% used [0x04e00000, 0x05250000, 0x05250000)
  from space 512K,   0% used [0x05250000, 0x05250000, 0x052d0000)
  to   space 512K,   0% used [0x052d0000, 0x052d0000, 0x05350000)
 tenured generation   total 10944K, used 0K [0x0a350000, 0x0ae00000, 0x14e00000)
   the space 10944K,   0% used [0x0a350000, 0x0a350000, 0x0a350200, 0x0ae00000)
 Metaspace       used 760K, capacity 2544K, committed 2624K, reserved 4480K
Event: 0.699 GC heap after
Heap after GC invocations=1 (full 0):
 def new generation   total 4928K, used 512K [0x04e00000, 0x05350000, 0x0a350000)
  eden space 4416K,   0% used [0x04e00000, 0x04e00000, 0x05250000)
  from space 512K, 100% used [0x052d0000, 0x05350000, 0x05350000)
  to   space 512K,   0% used [0x05250000, 0x05250000, 0x052d0000)
 tenured generation   total 10944K, used 771K [0x0a350000, 0x0ae00000, 0x14e00000)
   the space 10944K,   7% used [0x0a350000, 0x0a410e28, 0x0a411000, 0x0ae00000)
 Metaspace       used 760K, capacity 2544K, committed 2624K, reserved 4480K
}
Event: 2.060 GC heap before
{Heap before GC invocations=1 (full 0):
 def new generation   total 4928K, used 4928K [0x04e00000, 0x05350000, 0x0a350000)
  eden space 4416K, 100% used [0x04e00000, 0x05250000, 0x05250000)
  from space 512K, 100% used [0x052d0000, 0x05350000, 0x05350000)
  to   space 512K,   0% used [0x05250000, 0x05250000, 0x052d0000)
 tenured generation   total 10944K, used 771K [0x0a350000, 0x0ae00000, 0x14e00000)
   the space 10944K,   7% used [0x0a350000, 0x0a410e28, 0x0a411000, 0x0ae00000)
 Metaspace       used 1670K, capacity 2842K, committed 2880K, reserved 4480K
Event: 2.066 GC heap after
Heap after GC invocations=2 (full 0):
 def new generation   total 4928K, used 512K [0x04e00000, 0x05350000, 0x0a350000)
  eden space 4416K,   0% used [0x04e00000, 0x04e00000, 0x05250000)
  from space 512K, 100% used [0x05250000, 0x052d0000, 0x052d0000)
  to   space 512K,   0% used [0x052d0000, 0x052d0000, 0x05350000)
 tenured generation   total 10944K, used 2136K [0x0a350000, 0x0ae00000, 0x14e00000)
   the space 10944K,  19% used [0x0a350000, 0x0a566370, 0x0a566400, 0x0ae00000)
 Metaspace       used 1670K, capacity 2842K, committed 2880K, reserved 4480K
}
Event: 2.287 GC heap before
{Heap before GC invocations=2 (full 0):
 def new generation   total 4928K, used 4902K [0x04e00000, 0x05350000, 0x0a350000)
  eden space 4416K,  99% used [0x04e00000, 0x052498b8, 0x05250000)
  from space 512K, 100% used [0x05250000, 0x052d0000, 0x052d0000)
  to   space 512K,   0% used [0x052d0000, 0x052d0000, 0x05350000)
 tenured generation   total 10944K, used 7368K [0x0a350000, 0x0ae00000, 0x14e00000)
   the space 10944K,  67% used [0x0a350000, 0x0aa82080, 0x0aa82200, 0x0ae00000)
 Metaspace       used 1728K, capacity 2842K, committed 2880K, reserved 4480K
Event: 2.292 GC heap after
Heap after GC invocations=3 (full 0):
 def new generation   total 4928K, used 469K [0x04e00000, 0x05350000, 0x0a350000)
  eden space 4416K,   0% used [0x04e00000, 0x04e00000, 0x05250000)
  from space 512K,  91% used [0x052d0000, 0x05345448, 0x05350000)
  to   space 512K,   0% used [0x05250000, 0x05250000, 0x052d0000)
 tenured generation   total 10944K, used 7814K [0x0a350000, 0x0ae00000, 0x14e00000)
   the space 10944K,  71% used [0x0a350000, 0x0aaf1b98, 0x0aaf1c00, 0x0ae00000)
 Metaspace       used 1728K, capacity 2842K, committed 2880K, reserved 4480K
}
Event: 2.330 GC heap before
{Heap before GC invocations=3 (full 0):
 def new generation   total 4928K, used 4421K [0x04e00000, 0x05350000, 0x0a350000)
  eden space 4416K,  89% used [0x04e00000, 0x051dc1e0, 0x05250000)
  from space 512K,  91% used [0x052d0000, 0x05345448, 0x05350000)
  to   space 512K,   0% used [0x05250000, 0x05250000, 0x052d0000)
 tenured generation   total 10944K, used 7814K [0x0a350000, 0x0ae00000, 0x14e00000)
   the space 10944K,  71% used [0x0a350000, 0x0aaf1b98, 0x0aaf1c00, 0x0ae00000)
 Metaspace       used 1762K, capacity 2844K, committed 2880K, reserved 4480K
Event: 2.343 GC heap after
Heap after GC invocations=4 (full 1):
 def new generation   total 8960K, used 0K [0x04e00000, 0x057b0000, 0x0a350000)
  eden space 8000K,   0% used [0x04e00000, 0x04e00000, 0x055d0000)
  from space 960K,   0% used [0x055d0000, 0x055d0000, 0x056c0000)
  to   space 960K,   0% used [0x056c0000, 0x056c0000, 0x057b0000)
 tenured generation   total 19716K, used 11828K [0x0a350000, 0x0b691000, 0x14e00000)
   the space 19716K,  59% used [0x0a350000, 0x0aedd2b0, 0x0aedd400, 0x0b691000)
 Metaspace       used 1762K, capacity 2844K, committed 2880K, reserved 4480K
}
Event: 21.378 GC heap before
{Heap before GC invocations=4 (full 1):
 def new generation   total 8960K, used 8000K [0x04e00000, 0x057b0000, 0x0a350000)
  eden space 8000K, 100% used [0x04e00000, 0x055d0000, 0x055d0000)
  from space 960K,   0% used [0x055d0000, 0x055d0000, 0x056c0000)
  to   space 960K,   0% used [0x056c0000, 0x056c0000, 0x057b0000)
 tenured generation   total 19716K, used 11828K [0x0a350000, 0x0b691000, 0x14e00000)
   the space 19716K,  59% used [0x0a350000, 0x0aedd2b0, 0x0aedd400, 0x0b691000)
 Metaspace       used 1818K, capacity 2847K, committed 2880K, reserved 4480K
Event: 21.383 GC heap after
Heap after GC invocations=5 (full 1):
 def new generation   total 8960K, used 618K [0x04e00000, 0x057b0000, 0x0a350000)
  eden space 8000K,   0% used [0x04e00000, 0x04e00000, 0x055d0000)
  from space 960K,  64% used [0x056c0000, 0x0575aa00, 0x057b0000)
  to   space 960K,   0% used [0x055d0000, 0x055d0000, 0x056c0000)
 tenured generation   total 19716K, used 15368K [0x0a350000, 0x0b691000, 0x14e00000)
   the space 19716K,  77% used [0x0a350000, 0x0b252008, 0x0b252200, 0x0b691000)
 Metaspace       used 1818K, capacity 2847K, committed 2880K, reserved 4480K
}

